Added Component: Designator=SW1(NCA2 Switch)
Add component (AddParameter): Name = "Manufacturer"; Value = "CIT Relay & Switch"; VariantName = "[No Variations]"
Add component (AddParameter): Name = "Manufacturer Part Number"; Value = "NCA2"; VariantName = "[No Variations]"
Add component (AddParameter): Name = "Pricing 1"; Value = "1=0.94000, 10=0.83800, 25=0.79520, 50=0.75640, 100=0.72110, 250=0.68932, 500=0.61862, 1000=0.58328 (USD)"; VariantName = "[No Variations]"
Add component (AddParameter): Name = "RoHS"; Value = "Yes"; VariantName = "[No Variations]"
Add component (AddParameter): Name = "Stock 1"; Value = "3430"; VariantName = "[No Variations]"
Add component (AddParameter): Name = "Supplier 1"; Value = "Digi-Key"; VariantName = "[No Variations]"
Add component (AddParameter): Name = "Supplier Part Number 1"; Value = "2449-NCA2-ND"; VariantName = "[No Variations]"
Add Pin To Net: Unknown Pin: Pin J1-1
Add Pin To Net: Unknown Pin: Pin J1-2
Add Pin To Net: Unknown Pin: Pin J1-3
Add Pin To Net: Unknown Pin: Pin J1-4
Add Pin To Net: Unknown Pin: Pin J1-A1-B12
Add Pin To Net: Unknown Pin: Pin J1-A4-B9
Add Pin To Net: Unknown Pin: Pin J1-B1-A12
Add Pin To Net: Unknown Pin: Pin J1-B4-A9
Added Pin To Net: NetName=GND Pin=SW1-1
Added Pin To Net: NetName=NetR1_2 Pin=SW1-2
Added Pin To Net: NetName=NetR1_2 Pin=SW1-2
Added Member To Class: ClassName=kbd_training Member=Component SW1 NCA2
